<?xml version="1.0" encoding="UTF-8"?>
<!-- Generated by org.testng.reporters.JUnitXMLReporter -->
<testsuite ignored="3" hostname="DESKTOP-TAEEV5N" failures="0" tests="8" name="regression test" time="47.951" errors="0" timestamp="2026-06-29T23:21:21 IST">
  <testcase classname="tests.LoginTest" name="login" time="3.993"/>
  <testcase classname="tests.LoginTest" name="addToCartTest" time="4.199"/>
  <testcase classname="tests.LoginTest" name="removeFromCartTest" time="2.753"/>
  <testcase classname="tests.LoginTest" name="removeFromCartPage" time="2.66"/>
  <testcase classname="tests.LoginTest" name="verifyCartTest" time="4.949"/>
  <testcase classname="tests.LoginTest" name="checkoutTest" time="2.525"/>
  <testcase classname="tests.LoginTest" name="checkoutPreviewTest" time="5.454"/>
  <testcase classname="tests.LoginTest" name="placeOrderTest" time="3.827"/>
  <testcase classname="tests.LoginTest" name="demoFailure" time="0.0">
    <ignored/>
  </testcase> <!-- demoFailure -->
  <testcase classname="tests.LoginTest" name="invalidLogin" time="0.0">
    <ignored/>
  </testcase> <!-- invalidLogin -->
  <testcase classname="tests.LoginTest" name="logoutTest" time="0.0">
    <ignored/>
  </testcase> <!-- logoutTest -->
</testsuite> <!-- regression test -->
