<?xml version="1.0" encoding="UTF-8"?>
<testsuite xmlns:xsi="http://www.w3.org/2001/XMLSchema-instance" xsi:noNamespaceSchemaLocation="https://maven.apache.org/surefire/maven-surefire-plugin/xsd/surefire-test-report-3.0.xsd" version="3.0" name="TestSuite" time="50.813" tests="8" errors="0" skipped="0" failures="0">
  <properties>
[...]
</properties>
  <testcase name="login[standard_user, secret_sauce](1)" classname="tests.LoginTest" time="4.254">
    <system-out><![CDATA[23:20:33 INFO  BaseTest - Launching Browser
23:20:36 INFO  BaseTest - Browser launched successfully
23:20:39 INFO  BaseTest - Typing standard_userinto element: By.id: user-name
23:20:39 INFO  BaseTest - Typing secret_sauceinto element: By.id: password
23:20:39 INFO  BaseTest - Clicking Element: By.cssSelector: input#login-button
23:20:39 INFO  BaseTest - Navigating to login page
23:20:39 INFO  BaseTest - Clicking Element: By.cssSelector: button#react-burger-menu-btn
23:20:39 INFO  BaseTest - Clicking Element: By.id: logout_sidebar_link
23:20:40 INFO  BaseTest - Logged Out Successfully
]]></system-out>
    <system-err><![CDATA[SLF4J: No SLF4J providers were found.
SLF4J: Defaulting to no-operation (NOP) logger implementation
SLF4J: See https://www.slf4j.org/codes.html#noProviders for further details.
Jun 29, 2026 11:20:36 PM org.openqa.selenium.devtools.CdpVersionFinder findNearestMatch
WARNING: Unable to find CDP implementation matching 143
Jun 29, 2026 11:20:36 PM org.openqa.selenium.chromium.ChromiumDriver lambda$new$5
WARNING: Unable to find version of CDP to use for 143.0.7499.170. You may need to include a dependency on a specific version of the CDP using something similar to `org.seleniumhq.selenium:selenium-devtools-v86:4.13.0` where the version ("v86") matches the version of the chromium-based browser you're using and the version number of the artifact is the same as Selenium's.
]]></system-err>
  </testcase>
  <testcase name="addToCartTest[standard_user, secret_sauce](1)" classname="tests.LoginTest" time="4.157">
    <system-out><![CDATA[23:20:41 INFO  BaseTest - browser closed successfully
23:20:41 INFO  BaseTest - Launching Browser
23:20:43 INFO  BaseTest - Browser launched successfully
23:20:45 INFO  BaseTest - Typing standard_userinto element: By.id: user-name
23:20:45 INFO  BaseTest - Typing secret_sauceinto element: By.id: password
23:20:46 INFO  BaseTest - Clicking Element: By.cssSelector: input#login-button
23:20:46 INFO  BaseTest - Clicking Element: By.xpath: //div[contains(@class,'inventory_item_name') and contains(text(),'Sauce Labs Backpack')]/ancestor::div[contains(@class,'inventory_item')]//button
23:20:46 INFO  BaseTest - Adding product to cart: Sauce Labs Backpack
23:20:46 INFO  BaseTest - Count of Items added in cart is: 1
23:20:46 INFO  BaseTest - Clicking Element: By.cssSelector: button#react-burger-menu-btn
23:20:46 INFO  BaseTest - Clicking Element: By.id: logout_sidebar_link
23:20:47 INFO  BaseTest - Logged Out Successfully
]]></system-out>
    <system-err><![CDATA[Jun 29, 2026 11:20:43 PM org.openqa.selenium.devtools.CdpVersionFinder findNearestMatch
WARNING: Unable to find CDP implementation matching 143
Jun 29, 2026 11:20:43 PM org.openqa.selenium.chromium.ChromiumDriver lambda$new$5
WARNING: Unable to find version of CDP to use for 143.0.7499.170. You may need to include a dependency on a specific version of the CDP using something similar to `org.seleniumhq.selenium:selenium-devtools-v86:4.13.0` where the version ("v86") matches the version of the chromium-based browser you're using and the version number of the artifact is the same as Selenium's.
]]></system-err>
  </testcase>
  <testcase name="removeFromCartTest[standard_user, secret_sauce](1)" classname="tests.LoginTest" time="2.754">
    <system-out><![CDATA[23:20:47 INFO  BaseTest - browser closed successfully
23:20:47 INFO  BaseTest - Launching Browser
23:20:49 INFO  BaseTest - Browser launched successfully
23:20:50 INFO  BaseTest - Typing standard_userinto element: By.id: user-name
23:20:50 INFO  BaseTest - Typing secret_sauceinto element: By.id: password
23:20:50 INFO  BaseTest - Clicking Element: By.cssSelector: input#login-button
23:20:50 INFO  BaseTest - Clicking Element: By.xpath: //div[contains(@class,'inventory_item_name') and contains(text(),'Sauce Labs Backpack')]/ancestor::div[contains(@class,'inventory_item')]//button
23:20:50 INFO  BaseTest - Adding product to cart: Sauce Labs Backpack
23:20:50 INFO  BaseTest - Clicking Element: By.id: remove-sauce-labs-backpack
23:20:51 INFO  BaseTest - Product Sauce Labs Backpack has been removed from the cart
23:20:51 INFO  BaseTest - Items count in cart currently0
23:20:51 INFO  BaseTest - Clicking Element: By.cssSelector: button#react-burger-menu-btn
23:20:51 INFO  BaseTest - Clicking Element: By.id: logout_sidebar_link
23:20:52 INFO  BaseTest - Logged Out Successfully
]]></system-out>
    <system-err><![CDATA[Jun 29, 2026 11:20:48 PM org.openqa.selenium.devtools.CdpVersionFinder findNearestMatch
WARNING: Unable to find CDP implementation matching 143
Jun 29, 2026 11:20:48 PM org.openqa.selenium.chromium.ChromiumDriver lambda$new$5
WARNING: Unable to find version of CDP to use for 143.0.7499.170. You may need to include a dependency on a specific version of the CDP using something similar to `org.seleniumhq.selenium:selenium-devtools-v86:4.13.0` where the version ("v86") matches the version of the chromium-based browser you're using and the version number of the artifact is the same as Selenium's.
]]></system-err>
  </testcase>
  <testcase name="removeFromCartPage[standard_user, secret_sauce](1)" classname="tests.LoginTest" time="2.654">
    <system-out><![CDATA[23:20:52 INFO  BaseTest - browser closed successfully
23:20:52 INFO  BaseTest - Launching Browser
23:20:53 INFO  BaseTest - Browser launched successfully
23:20:54 INFO  BaseTest - Typing standard_userinto element: By.id: user-name
23:20:54 INFO  BaseTest - Typing secret_sauceinto element: By.id: password
23:20:55 INFO  BaseTest - Clicking Element: By.cssSelector: input#login-button
23:20:55 INFO  BaseTest - Clicking Element: By.xpath: //div[contains(@class,'inventory_item_name') and contains(text(),'Sauce Labs Backpack')]/ancestor::div[contains(@class,'inventory_item')]//button
23:20:55 INFO  BaseTest - Adding product to cart: Sauce Labs Backpack
23:20:55 INFO  BaseTest - Clicking Element: By.xpath: //div[contains(@class,'inventory_item_name') and contains(text(),'Sauce Labs Bolt T-Shirt')]/ancestor::div[contains(@class,'inventory_item')]//button
23:20:55 INFO  BaseTest - Adding product to cart: Sauce Labs Bolt T-Shirt
23:20:55 INFO  BaseTest - ElementBy.cssSelector: span[data-test='shopping-cart-badge']present in DOM
23:20:55 INFO  BaseTest - Clicking Element: By.cssSelector: span[data-test='shopping-cart-badge']
23:20:55 INFO  BaseTest - Navigating to Cart page
23:20:55 INFO  BaseTest - Clicking Element: By.xpath: //div[contains(@class,'inventory_item_name') and contains(text(),'Sauce Labs Backpack')]/ancestor::div[contains(@class,'cart_item_label')]//button
23:20:55 INFO  BaseTest - Removing product from cart: Sauce Labs Backpack
23:20:55 INFO  BaseTest - Items count in cart currently1
23:20:56 INFO  BaseTest - cart count after removal1
23:20:56 INFO  BaseTest - Clicking Element: By.cssSelector: button#react-burger-menu-btn
23:20:56 INFO  BaseTest - Clicking Element: By.id: logout_sidebar_link
23:20:56 INFO  BaseTest - Logged Out Successfully
]]></system-out>
    <system-err><![CDATA[Jun 29, 2026 11:20:53 PM org.openqa.selenium.devtools.CdpVersionFinder findNearestMatch
WARNING: Unable to find CDP implementation matching 143
Jun 29, 2026 11:20:53 PM org.openqa.selenium.chromium.ChromiumDriver lambda$new$5
WARNING: Unable to find version of CDP to use for 143.0.7499.170. You may need to include a dependency on a specific version of the CDP using something similar to `org.seleniumhq.selenium:selenium-devtools-v86:4.13.0` where the version ("v86") matches the version of the chromium-based browser you're using and the version number of the artifact is the same as Selenium's.
]]></system-err>
  </testcase>
  <testcase name="verifyCartTest" classname="tests.LoginTest" time="4.785">
    <system-out><![CDATA[23:20:56 INFO  BaseTest - browser closed successfully
23:20:56 INFO  BaseTest - Launching Browser
23:20:58 INFO  BaseTest - Browser launched successfully
23:21:01 INFO  BaseTest - Typing standard_userinto element: By.id: user-name
23:21:01 INFO  BaseTest - Typing secret_sauceinto element: By.id: password
23:21:01 INFO  BaseTest - Clicking Element: By.cssSelector: input#login-button
23:21:02 INFO  BaseTest - Clicking Element: By.xpath: //div[contains(@class,'inventory_item_name') and contains(text(),'Sauce Labs Backpack')]/ancestor::div[contains(@class,'inventory_item')]//button
23:21:02 INFO  BaseTest - Adding product to cart: Sauce Labs Backpack
23:21:02 INFO  BaseTest - Clicking Element: By.xpath: //div[contains(@class,'inventory_item_name') and contains(text(),'Sauce Labs Bolt T-Shirt')]/ancestor::div[contains(@class,'inventory_item')]//button
23:21:02 INFO  BaseTest - Adding product to cart: Sauce Labs Bolt T-Shirt
23:21:02 INFO  BaseTest - ElementBy.cssSelector: span[data-test='shopping-cart-badge']present in DOM
23:21:02 INFO  BaseTest - Clicking Element: By.cssSelector: span[data-test='shopping-cart-badge']
23:21:02 INFO  BaseTest - Navigating to Cart page
23:21:02 INFO  BaseTest - Cart items verified
23:21:02 INFO  BaseTest - Clicking Element: By.cssSelector: button#react-burger-menu-btn
23:21:02 INFO  BaseTest - Clicking Element: By.id: logout_sidebar_link
23:21:03 INFO  BaseTest - Logged Out Successfully
]]></system-out>
    <system-err><![CDATA[Jun 29, 2026 11:20:58 PM org.openqa.selenium.devtools.CdpVersionFinder findNearestMatch
WARNING: Unable to find CDP implementation matching 143
Jun 29, 2026 11:20:58 PM org.openqa.selenium.chromium.ChromiumDriver lambda$new$5
WARNING: Unable to find version of CDP to use for 143.0.7499.170. You may need to include a dependency on a specific version of the CDP using something similar to `org.seleniumhq.selenium:selenium-devtools-v86:4.13.0` where the version ("v86") matches the version of the chromium-based browser you're using and the version number of the artifact is the same as Selenium's.
]]></system-err>
  </testcase>
  <testcase name="checkoutTest[san, dev, 2933](1)" classname="tests.LoginTest" time="2.495">
    <system-out><![CDATA[23:21:03 INFO  BaseTest - browser closed successfully
23:21:03 INFO  BaseTest - Launching Browser
23:21:05 INFO  BaseTest - Browser launched successfully
23:21:06 INFO  BaseTest - Typing standard_userinto element: By.id: user-name
23:21:06 INFO  BaseTest - Typing secret_sauceinto element: By.id: password
23:21:06 INFO  BaseTest - Clicking Element: By.cssSelector: input#login-button
23:21:06 INFO  BaseTest - Clicking Element: By.xpath: //div[contains(@class,'inventory_item_name') and contains(text(),'Sauce Labs Backpack')]/ancestor::div[contains(@class,'inventory_item')]//button
23:21:06 INFO  BaseTest - Adding product to cart: Sauce Labs Backpack
23:21:06 INFO  BaseTest - Clicking Element: By.xpath: //div[contains(@class,'inventory_item_name') and contains(text(),'Sauce Labs Bolt T-Shirt')]/ancestor::div[contains(@class,'inventory_item')]//button
23:21:06 INFO  BaseTest - Adding product to cart: Sauce Labs Bolt T-Shirt
23:21:06 INFO  BaseTest - ElementBy.cssSelector: span[data-test='shopping-cart-badge']present in DOM
23:21:06 INFO  BaseTest - Clicking Element: By.cssSelector: span[data-test='shopping-cart-badge']
23:21:07 INFO  BaseTest - Navigating to Cart page
23:21:07 INFO  BaseTest - Clicking Element: By.id: checkout
23:21:07 INFO  BaseTest - Navigating to Checkout User Info page
23:21:07 INFO  BaseTest - Typing saninto element: By.id: first-name
23:21:07 INFO  BaseTest - Typing devinto element: By.id: last-name
23:21:07 INFO  BaseTest - Typing 2933into element: By.id: postal-code
23:21:07 INFO  BaseTest - Filling user info: san dev, postal code: 2933
23:21:07 INFO  BaseTest - Clicking Element: By.id: continue
]]></system-out>
    <system-err><![CDATA[Jun 29, 2026 11:21:05 PM org.openqa.selenium.devtools.CdpVersionFinder findNearestMatch
WARNING: Unable to find CDP implementation matching 143
Jun 29, 2026 11:21:05 PM org.openqa.selenium.chromium.ChromiumDriver lambda$new$5
WARNING: Unable to find version of CDP to use for 143.0.7499.170. You may need to include a dependency on a specific version of the CDP using something similar to `org.seleniumhq.selenium:selenium-devtools-v86:4.13.0` where the version ("v86") matches the version of the chromium-based browser you're using and the version number of the artifact is the same as Selenium's.
]]></system-err>
  </testcase>
  <testcase name="checkoutPreviewTest[san, dev, 2933](1)" classname="tests.LoginTest" time="5.457">
    <system-out><![CDATA[23:21:08 INFO  BaseTest - browser closed successfully
23:21:08 INFO  BaseTest - Launching Browser
23:21:09 INFO  BaseTest - Browser launched successfully
23:21:12 INFO  BaseTest - Typing standard_userinto element: By.id: user-name
23:21:12 INFO  BaseTest - Typing secret_sauceinto element: By.id: password
23:21:12 INFO  BaseTest - Clicking Element: By.cssSelector: input#login-button
23:21:12 INFO  BaseTest - Clicking Element: By.xpath: //div[contains(@class,'inventory_item_name') and contains(text(),'Sauce Labs Backpack')]/ancestor::div[contains(@class,'inventory_item')]//button
23:21:12 INFO  BaseTest - Adding product to cart: Sauce Labs Backpack
23:21:13 INFO  BaseTest - Clicking Element: By.xpath: //div[contains(@class,'inventory_item_name') and contains(text(),'Sauce Labs Bolt T-Shirt')]/ancestor::div[contains(@class,'inventory_item')]//button
23:21:13 INFO  BaseTest - Adding product to cart: Sauce Labs Bolt T-Shirt
23:21:13 INFO  BaseTest - ElementBy.cssSelector: span[data-test='shopping-cart-badge']present in DOM
23:21:13 INFO  BaseTest - Clicking Element: By.cssSelector: span[data-test='shopping-cart-badge']
23:21:13 INFO  BaseTest - Navigating to Cart page
23:21:13 INFO  BaseTest - Clicking Element: By.id: checkout
23:21:13 INFO  BaseTest - Navigating to Checkout User Info page
23:21:13 INFO  BaseTest - Typing saninto element: By.id: first-name
23:21:13 INFO  BaseTest - Typing devinto element: By.id: last-name
23:21:13 INFO  BaseTest - Typing 2933into element: By.id: postal-code
23:21:13 INFO  BaseTest - Filling user info: san dev, postal code: 2933
23:21:13 INFO  BaseTest - Clicking Element: By.id: continue
23:21:14 INFO  BaseTest - ElementBy.cssSelector: span[data-test='title']present in DOM
23:21:14 INFO  BaseTest - Navigating to checkout preview page
23:21:14 INFO  BaseTest - Verifying cart items
23:21:14 INFO  BaseTest - Verifying checkout totals
23:21:14 INFO  BaseTest - Clicking Element: By.cssSelector: button#react-burger-menu-btn
23:21:14 INFO  BaseTest - Clicking Element: By.id: logout_sidebar_link
23:21:15 INFO  BaseTest - Logged Out Successfully
]]></system-out>
    <system-err><![CDATA[Jun 29, 2026 11:21:09 PM org.openqa.selenium.devtools.CdpVersionFinder findNearestMatch
WARNING: Unable to find CDP implementation matching 143
Jun 29, 2026 11:21:09 PM org.openqa.selenium.chromium.ChromiumDriver lambda$new$5
WARNING: Unable to find version of CDP to use for 143.0.7499.170. You may need to include a dependency on a specific version of the CDP using something similar to `org.seleniumhq.selenium:selenium-devtools-v86:4.13.0` where the version ("v86") matches the version of the chromium-based browser you're using and the version number of the artifact is the same as Selenium's.
]]></system-err>
  </testcase>
  <testcase name="placeOrderTest[san, dev, 2933](1)" classname="tests.LoginTest" time="3.827">
    <system-out><![CDATA[23:21:15 INFO  BaseTest - browser closed successfully
23:21:15 INFO  BaseTest - Launching Browser
23:21:16 INFO  BaseTest - Browser launched successfully
23:21:17 INFO  BaseTest - Typing standard_userinto element: By.id: user-name
23:21:17 INFO  BaseTest - Typing secret_sauceinto element: By.id: password
23:21:17 INFO  BaseTest - Clicking Element: By.cssSelector: input#login-button
23:21:18 INFO  BaseTest - Clicking Element: By.xpath: //div[contains(@class,'inventory_item_name') and contains(text(),'Sauce Labs Backpack')]/ancestor::div[contains(@class,'inventory_item')]//button
23:21:18 INFO  BaseTest - Adding product to cart: Sauce Labs Backpack
23:21:18 INFO  BaseTest - ElementBy.cssSelector: span[data-test='shopping-cart-badge']present in DOM
23:21:18 INFO  BaseTest - Clicking Element: By.cssSelector: span[data-test='shopping-cart-badge']
23:21:18 INFO  BaseTest - Navigating to Cart page
23:21:18 INFO  BaseTest - Clicking Element: By.id: checkout
23:21:18 INFO  BaseTest - Navigating to Checkout User Info page
23:21:18 INFO  BaseTest - Typing saninto element: By.id: first-name
23:21:19 INFO  BaseTest - Typing devinto element: By.id: last-name
23:21:19 INFO  BaseTest - Typing 2933into element: By.id: postal-code
23:21:19 INFO  BaseTest - Filling user info: san dev, postal code: 2933
23:21:19 INFO  BaseTest - Clicking Element: By.id: continue
23:21:19 INFO  BaseTest - ElementBy.cssSelector: span[data-test='title']present in DOM
23:21:19 INFO  BaseTest - Navigating to checkout preview page
23:21:19 INFO  BaseTest - Clicking Element: By.id: finish
23:21:19 INFO  BaseTest - Placing order by clicking finish button
23:21:19 INFO  BaseTest - Navigating to Order Completion Page
23:21:19 INFO  BaseTest - Please wait Fetching your Order Completion Message
23:21:19 INFO  BaseTest - Your order has been dispatched, and will arrive just as fast as the pony can get there!
23:21:19 INFO  BaseTest - Please wait Fetching your Order Completion Message
23:21:19 INFO  BaseTest - Your order has been dispatched, and will arrive just as fast as the pony can get there!
23:21:19 INFO  BaseTest - Fetching Thankyou message
23:21:19 INFO  BaseTest - Fetching Thankyou message
23:21:19 INFO  BaseTest - Clicking Element: By.cssSelector: button#react-burger-menu-btn
23:21:19 INFO  BaseTest - Clicking Element: By.id: logout_sidebar_link
23:21:20 INFO  BaseTest - Logged Out Successfully
]]></system-out>
    <system-err><![CDATA[Jun 29, 2026 11:21:16 PM org.openqa.selenium.devtools.CdpVersionFinder findNearestMatch
WARNING: Unable to find CDP implementation matching 143
Jun 29, 2026 11:21:16 PM org.openqa.selenium.chromium.ChromiumDriver lambda$new$5
WARNING: Unable to find version of CDP to use for 143.0.7499.170. You may need to include a dependency on a specific version of the CDP using something similar to `org.seleniumhq.selenium:selenium-devtools-v86:4.13.0` where the version ("v86") matches the version of the chromium-based browser you're using and the version number of the artifact is the same as Selenium's.
]]></system-err>
  </testcase>
</testsuite>