<?xml version="1.0" encoding="UTF-8"?>
<!-- Generated by org.testng.reporters.JUnitReportReporter -->
<testsuite hostname="DESKTOP-TAEEV5N" failures="0" tests="9" name="tests.LoginTest" time="47.822" errors="0" timestamp="2026-06-29T23:21:21 IST" skipped="1">
  <testcase classname="tests.LoginTest" name="removeFromCartPage" time="6.769"/>
  <testcase classname="tests.LoginTest" name="login" time="6.008"/>
  <testcase classname="tests.LoginTest" name="removeFromCartTest" time="4.604"/>
  <testcase classname="tests.LoginTest" name="placeOrderTest" time="5.865"/>
  <testcase classname="tests.LoginTest" name="checkoutPreviewTest" time="7.294"/>
  <testcase classname="tests.LoginTest" name="addToCartTest" time="5.707"/>
  <testcase classname="tests.LoginTest" name="checkoutTest" time="4.533"/>
  <testcase classname="tests.LoginTest" name="verifyCartTest" time="7.042"/>
  <testcase classname="tests.LoginTest" name="invalidLogin">
    <skipped/>
  </testcase> <!-- invalidLogin -->
</testsuite> <!-- tests.LoginTest -->
